<?xml version="1.0" encoding="UTF-8"?>
<!-- Generated by org.testng.reporters.JUnitXMLReporter -->
<testsuite hostname="AIH-PC-18" ignored="0" name="FirefoxTest" tests="1" failures="1" timestamp="12 Jul 2017 07:04:54 GMT" time="37.378" errors="0">
  <testcase name="VerifyLoginWithInvalidCredentials" time="25.714" classname="com.test.automation.phrAutomation.homepage.TC001_VerifyLoginWithInvalidCredentials">
    <failure type="org.junit.ComparisonFailure" message="expected:&amp;lt;... Username / Password[2]&amp;gt; but was:&amp;lt;... Username / Password[,You account has been locked due to 10 consecutive failed login attempts. Please contact us at info@allizhealth.com]&amp;gt;">
      <![CDATA[org.junit.ComparisonFailure: expected:<... Username / Password[2]> but was:<... Username / Password[,You account has been locked due to 10 consecutive failed login attempts. Please contact us at info@allizhealth.com]>
	at org.junit.Assert.assertEquals(Assert.java:115)
	at org.junit.Assert.assertEquals(Assert.java:144)
	at com.test.automation.phrAutomation.homepage.TC001_VerifyLoginWithInvalidCredentials.VerifyLoginWithInvalidCredentials(TC001_VerifyLoginWithInvalidCredentials.java:34)
... Removed 25 stack frames]]>
    </failure>
  </testcase> <!-- VerifyLoginWithInvalidCredentials -->
</testsuite> <!-- FirefoxTest -->
