<?xml version="1.0" encoding="UTF-8"?>
<testng-results skipped="0" failed="0" ignored="0" total="1" passed="1">
  <reporter-output>
  </reporter-output>
  <suite name="Default suite" duration-ms="250617" started-at="2017-07-18T11:58:47Z" finished-at="2017-07-18T12:02:57Z">
    <groups>
    </groups>
    <test name="Default test" duration-ms="250617" started-at="2017-07-18T11:58:47Z" finished-at="2017-07-18T12:02:57Z">
      <class name="com.test.automation.phrAutomation.homepage.TC004_Complete_FlowandExit">
        <test-method status="PASS" signature="setUp()[pri:0, instance:com.test.automation.phrAutomation.homepage.TC004_Complete_FlowandExit@429bd883]" name="setUp" is-config="true" duration-ms="10522" started-at="2017-07-18T17:28:47Z" finished-at="2017-07-18T17:28:57Z">
          <reporter-output>
          </reporter-output>
        </test-method> <!-- setUp -->
        <test-method status="PASS" signature="Complete_FlowandExit()[pri:0, instance:com.test.automation.phrAutomation.homepage.TC004_Complete_FlowandExit@429bd883]" name="Complete_FlowandExit" duration-ms="240072" started-at="2017-07-18T17:28:57Z" finished-at="2017-07-18T17:32:57Z">
          <reporter-output>
          </reporter-output>
        </test-method> <!-- Complete_FlowandExit -->
        <test-method status="PASS" signature="endTest()[pri:0, instance:com.test.automation.phrAutomation.homepage.TC004_Complete_FlowandExit@429bd883]" name="endTest" is-config="true" duration-ms="0" started-at="2017-07-18T17:32:57Z" finished-at="2017-07-18T17:32:57Z">
          <reporter-output>
          </reporter-output>
        </test-method> <!-- endTest -->
      </class> <!-- com.test.automation.phrAutomation.homepage.TC004_Complete_FlowandExit -->
    </test> <!-- Default test -->
  </suite> <!-- Default suite -->
</testng-results>
